<?xml version="1.0" encoding="UTF-8"?>
<!-- Generated by org.testng.reporters.JUnitReportReporter -->
<testsuite skipped="0" hostname="Jot-MacBook-Air.ht.home" name="com.testcases.ContextMenuTest" tests="2" failures="0" timestamp="2022-11-28T12:27:08 EST" time="0.778" errors="0">
  <testcase name="launchApp" time="0.507" classname="com.testcases.ContextMenuTest"/>
  <testcase name="contextMenuTest" time="0.271" classname="com.testcases.ContextMenuTest"/>
</testsuite> <!-- com.testcases.ContextMenuTest -->
