<?xml version="1.0" encoding="UTF-8"?>
<!-- Generated by org.testng.reporters.JUnitReportReporter -->
<testsuite skipped="0" hostname="Jot-MacBook-Air.ht.home" name="com.testcases.DropDownTest" tests="2" failures="0" timestamp="2022-11-28T12:28:04 EST" time="1.092" errors="0">
  <testcase name="launchApp" time="0.561" classname="com.testcases.DropDownTest"/>
  <testcase name="dropDownTest" time="0.531" classname="com.testcases.DropDownTest"/>
</testsuite> <!-- com.testcases.DropDownTest -->
