<?xml version="1.0" encoding="UTF-8"?>
<!-- Generated by org.testng.reporters.JUnitReportReporter -->
<testsuite skipped="0" hostname="Jot-MacBook-Air.ht.home" name="com.testcases.FaliureLoginPageTest" tests="4" failures="0" timestamp="2022-11-28T12:26:22 EST" time="1.393" errors="0">
  <testcase name="launchApp" time="0.551" classname="com.testcases.FaliureLoginPageTest"/>
  <testcase name="loginPageTitleTest" time="0.027" classname="com.testcases.FaliureLoginPageTest"/>
  <testcase name="loginTest" time="0.700" classname="com.testcases.FaliureLoginPageTest"/>
  <testcase name="verifyErrorMessage" time="0.115" classname="com.testcases.FaliureLoginPageTest"/>
</testsuite> <!-- com.testcases.FaliureLoginPageTest -->
