<?xml version="1.0" encoding="UTF-8"?>
<!-- Generated by org.testng.reporters.JUnitReportReporter -->
<testsuite skipped="0" hostname="Jot-MacBook-Air.ht.home" name="com.testcases.DynamicLoadingTest" tests="2" failures="0" timestamp="2022-11-28T10:05:33 EST" time="5.676" errors="0">
  <testcase name="launchApp" time="0.367" classname="com.testcases.DynamicLoadingTest"/>
  <testcase name="dynamicContentTest" time="5.309" classname="com.testcases.DynamicLoadingTest"/>
</testsuite> <!-- com.testcases.DynamicLoadingTest -->
