<?xml version="1.0" encoding="UTF-8"?>
<!-- Generated by org.testng.reporters.JUnitReportReporter -->
<testsuite skipped="0" hostname="Jot-MacBook-Air.local" name="com.testcases.NewTabTest" tests="2" failures="0" timestamp="2022-11-28T10:10:44 EST" time="1.058" errors="0">
  <testcase name="launchApp" time="0.381" classname="com.testcases.NewTabTest"/>
  <testcase name="checkboxTest" time="0.677" classname="com.testcases.NewTabTest"/>
</testsuite> <!-- com.testcases.NewTabTest -->
