<?xml version="1.0" encoding="UTF-8"?>
<!-- Generated by org.testng.reporters.JUnitReportReporter -->
<testsuite skipped="0" hostname="Jot-MacBook-Air.ht.home" name="com.testcases.IframeTest" tests="2" failures="0" timestamp="2022-11-28T12:30:55 EST" time="2.074" errors="0">
  <testcase name="launchApp" time="1.349" classname="com.testcases.IframeTest"/>
  <testcase name="iFramesTest" time="0.725" classname="com.testcases.IframeTest"/>
</testsuite> <!-- com.testcases.IframeTest -->
