<?xml version="1.0" encoding="UTF-8"?>
<!-- Generated by org.testng.reporters.JUnitReportReporter -->
<testsuite skipped="0" hostname="Jot-MacBook-Air.ht.home" name="com.testcases.JavaScriptErrorTest" tests="2" failures="0" timestamp="2022-11-28T12:31:34 EST" time="0.221" errors="0">
  <testcase name="launchApp" time="0.114" classname="com.testcases.JavaScriptErrorTest"/>
  <testcase name="javaScriptErrorTest" time="0.107" classname="com.testcases.JavaScriptErrorTest"/>
</testsuite> <!-- com.testcases.JavaScriptErrorTest -->
