<?xml version="1.0" encoding="UTF-8"?>
<!-- Generated by org.testng.reporters.JUnitReportReporter -->
<testsuite skipped="0" hostname="Jot-MacBook-Air.ht.home" name="com.testcases.ValidLoginPageTest" tests="6" failures="0" timestamp="2022-11-28T12:25:50 EST" time="1.395" errors="0">
  <testcase name="launchApp" time="0.538" classname="com.testcases.ValidLoginPageTest"/>
  <testcase name="loginPageTitleTest" time="0.027" classname="com.testcases.ValidLoginPageTest"/>
  <testcase name="loginTest" time="0.628" classname="com.testcases.ValidLoginPageTest"/>
  <testcase name="verifyHomePageTitleTest" time="0.018" classname="com.testcases.ValidLoginPageTest"/>
  <testcase name="verifyHomePageSecureAreaLabelTest" time="0.014" classname="com.testcases.ValidLoginPageTest"/>
  <testcase name="verifyUserNameTest" time="0.170" classname="com.testcases.ValidLoginPageTest"/>
</testsuite> <!-- com.testcases.ValidLoginPageTest -->
