<?xml version="1.0" encoding="UTF-8"?>
<!-- Generated by org.testng.reporters.JUnitReportReporter -->
<testsuite hostname="Nayays-MacBook-Pro.local" failures="0" tests="3" name="com.testcases.LoginPageTest" time="0.743" errors="0" timestamp="2022-11-27T19:18:10 EST" skipped="0">
  <testcase classname="com.testcases.LoginPageTest" name="launchApp" time="0.315"/>
  <system-out/>
  <testcase classname="com.testcases.LoginPageTest" name="loginPageTitleTest" time="0.011"/>
  <system-out/>
  <testcase classname="com.testcases.LoginPageTest" name="loginTest" time="0.417"/>
  <system-out/>
</testsuite> <!-- com.testcases.LoginPageTest -->
