<?xml version="1.0" encoding="UTF-8"?>
<!-- Generated by org.testng.reporters.JUnitReportReporter -->
<testsuite skipped="0" hostname="Jot-MacBook-Air.ht.home" name="com.testcases.FloatingMenu" tests="2" failures="0" timestamp="2022-11-28T12:30:36 EST" time="2.612" errors="0">
  <testcase name="launchApp" time="0.516" classname="com.testcases.FloatingMenu"/>
  <testcase name="floatingMenuTest" time="2.096" classname="com.testcases.FloatingMenu"/>
</testsuite> <!-- com.testcases.FloatingMenu -->
