<?xml version="1.0" encoding="UTF-8"?>
<!-- Generated by org.testng.reporters.JUnitReportReporter -->
<testsuite skipped="0" hostname="Jot-MacBook-Air.ht.home" name="com.testcases.FileDownload" tests="1" failures="0" timestamp="2022-11-28T12:13:04 EST" time="2.123" errors="0">
  <testcase name="clickLink" time="2.123" classname="com.testcases.FileDownload"/>
</testsuite> <!-- com.testcases.FileDownload -->
