<?xml version="1.0" encoding="UTF-8"?>
<!-- Generated by org.testng.reporters.JUnitReportReporter -->
<testsuite skipped="0" hostname="Jot-MacBook-Air.local" name="com.testcases.MoiseHoverTest" tests="2" failures="0" timestamp="2022-11-28T10:09:59 EST" time="0.550" errors="0">
  <testcase name="launchApp" time="0.342" classname="com.testcases.MoiseHoverTest"/>
  <testcase name="checkboxTest" time="0.208" classname="com.testcases.MoiseHoverTest"/>
</testsuite> <!-- com.testcases.MoiseHoverTest -->
