<?xml version="1.0" encoding="UTF-8"?>
<!-- Generated by org.testng.reporters.JUnitReportReporter -->
<testsuite skipped="0" hostname="Jot-MacBook-Air.ht.home" name="com.testcases.DynamicContentTest" tests="2" failures="0" timestamp="2022-11-28T12:29:30 EST" time="2.850" errors="0">
  <testcase name="launchApp" time="0.613" classname="com.testcases.DynamicContentTest"/>
  <testcase name="dynamicContentTest" time="2.237" classname="com.testcases.DynamicContentTest"/>
</testsuite> <!-- com.testcases.DynamicContentTest -->
