<?xml version="1.0" encoding="UTF-8"?>
<!-- Generated by org.testng.reporters.JUnitReportReporter -->
<testsuite skipped="0" hostname="Jot-MacBook-Air.ht.home" name="com.testcases.FileUploadTest" tests="2" failures="0" timestamp="2022-11-28T10:06:57 EST" time="2.841" errors="0">
  <testcase name="launchApp" time="0.490" classname="com.testcases.FileUploadTest"/>
  <testcase name="checkboxTest" time="2.351" classname="com.testcases.FileUploadTest"/>
</testsuite> <!-- com.testcases.FileUploadTest -->
