<?xml version="1.0" encoding="UTF-8"?>
<!-- Generated by org.testng.reporters.JUnitReportReporter -->
<testsuite skipped="0" hostname="Jot-MacBook-Air.ht.home" name="com.testcases.JavaScriptAlertsTest" tests="2" failures="0" timestamp="2022-11-28T12:31:22 EST" time="7.145" errors="0">
  <testcase name="launchApp" time="0.561" classname="com.testcases.JavaScriptAlertsTest"/>
  <testcase name="javaScriptAlertTest" time="6.584" classname="com.testcases.JavaScriptAlertsTest"/>
</testsuite> <!-- com.testcases.JavaScriptAlertsTest -->
