<?xml version="1.0" encoding="UTF-8"?>
<!-- Generated by org.testng.reporters.JUnitReportReporter -->
<testsuite hostname="Nayays-MacBook-Pro.local" failures="0" tests="2" name="com.pages.LoginTest" time="3.326" errors="0" timestamp="2022-11-27T16:17:47 EST" skipped="0">
  <testcase classname="com.pages.LoginTest" name="pageUrl" time="0.012"/>
  <system-out/>
  <testcase classname="com.pages.LoginTest" name="login" time="3.314"/>
  <system-out/>
</testsuite> <!-- com.pages.LoginTest -->
