<?xml version="1.0" encoding="UTF-8"?>
<!-- Generated by org.testng.reporters.JUnitReportReporter -->
<testsuite skipped="0" hostname="Jot-MacBook-Air.ht.home" name="com.testcases.CheckboxTest" tests="2" failures="0" timestamp="2022-11-28T12:26:45 EST" time="4.760" errors="0">
  <testcase name="launchApp" time="0.459" classname="com.testcases.CheckboxTest"/>
  <testcase name="checkboxTest" time="4.301" classname="com.testcases.CheckboxTest"/>
</testsuite> <!-- com.testcases.CheckboxTest -->
